2025-01-17 21:36:25,049 INFO  [main] Starting Chrome browser in normal mode...
2025-01-17 21:36:31,348 INFO  [main] Navigating to page: http://localhost:8081/
2025-01-17 21:36:32,696 INFO  [main] Navigating to page: http://localhost:8081/
2025-01-17 21:36:34,729 INFO  [main] Finding element with locator: By.id: name
2025-01-17 21:36:34,962 INFO  [main] Finding element with locator: By.id: email
2025-01-17 21:36:35,195 INFO  [main] Finding element with locator: By.id: phone
2025-01-17 21:36:35,383 INFO  [main] Finding element with locator: By.id: message
2025-01-17 21:36:35,954 INFO  [main] Getting page source...
2025-01-17 21:36:36,002 INFO  [main] Closing Browser...
2025-01-17 21:36:36,353 INFO  [main] Starting Chrome browser in normal mode...
2025-01-17 21:36:38,705 INFO  [main] Navigating to page: http://localhost:8081/
2025-01-17 21:36:41,105 INFO  [main] Navigating to page: http://localhost:8081/
2025-01-17 21:36:46,157 INFO  [main] Finding element with locator: By.partialLinkText: Beer
2025-01-17 21:36:46,676 INFO  [main] Finding element with locator: By.xpath: //section[@class='py-5']
2025-01-17 21:36:46,715 INFO  [main] Closing Browser...
2025-01-17 21:36:46,872 INFO  [main] Starting Chrome browser in normal mode...
2025-01-17 21:36:49,058 INFO  [main] Navigating to page: http://localhost:8081/
2025-01-17 21:36:53,603 INFO  [main] Navigating to page: http://localhost:8081/
2025-01-17 21:36:56,658 INFO  [main] Finding element with locator: By.xpath: //h5[normalize-space()='Ailyak']
2025-01-17 21:36:56,765 INFO  [main] Closing Browser...
2025-01-17 21:36:56,993 INFO  [main] Starting Chrome browser in normal mode...
2025-01-17 21:36:58,887 INFO  [main] Navigating to page: http://localhost:8081/
2025-01-17 21:37:01,303 INFO  [main] Navigating to page: http://localhost:8081/
2025-01-17 21:37:02,498 INFO  [main] Finding element with locator: By.xpath: //*[@id="portfolio"]/div/div[2]/div[10]/div
2025-01-17 21:37:03,207 INFO  [main] Finding element with locator: By.xpath: //section[@id='portfolio']
2025-01-17 21:37:03,246 INFO  [main] Closing Browser...
2025-01-17 21:37:03,371 INFO  [main] Starting Chrome browser in normal mode...
2025-01-17 21:37:05,301 INFO  [main] Navigating to page: http://localhost:8081/
2025-01-17 21:37:16,440 INFO  [main] Navigating to page: http://localhost:8081/
2025-01-17 21:37:19,089 INFO  [main] Getting page source...
2025-01-17 21:37:19,205 INFO  [main] Closing Browser...
2025-01-17 21:37:19,391 INFO  [main] Starting Chrome browser in normal mode...
2025-01-17 21:37:21,598 INFO  [main] Navigating to page: http://localhost:8081/
2025-01-17 21:37:25,984 INFO  [main] Navigating to page: http://localhost:8081/
2025-01-17 21:37:27,466 INFO  [main] Getting page source...
2025-01-17 21:37:27,609 INFO  [main] Closing Browser...
2025-01-17 21:37:28,806 INFO  [main] Starting Chrome browser in normal mode...
2025-01-17 21:37:30,624 INFO  [main] Navigating to page: http://localhost:8081/
2025-01-17 21:37:34,731 INFO  [main] Navigating to page: http://localhost:8081/
2025-01-17 21:37:36,404 INFO  [main] Finding element with locator: By.xpath: //a[normalize-space()='Browse all beers']
2025-01-17 21:37:36,443 INFO  [main] Closing Browser...
2025-01-17 21:37:36,568 INFO  [main] Starting Chrome browser in normal mode...
2025-01-17 21:37:38,409 INFO  [main] Navigating to page: http://localhost:8081/
2025-01-17 21:37:40,674 INFO  [main] Navigating to page: http://localhost:8081/
2025-01-17 21:37:44,629 INFO  [main] Getting page source...
2025-01-17 21:37:44,643 INFO  [main] Getting page source...
2025-01-17 21:37:44,653 INFO  [main] Closing Browser...
2025-01-17 21:37:44,793 INFO  [main] Starting Chrome browser in normal mode...
2025-01-17 21:37:46,980 INFO  [main] Navigating to page: http://localhost:8081/
2025-01-17 21:37:47,038 INFO  [main] Navigating to page: http://localhost:8081/
2025-01-17 21:37:51,332 INFO  [main] Finding element with locator: By.partialLinkText: Admin
2025-01-17 21:37:52,499 INFO  [main] Finding element with locator: By.xpath: //section[@class='py-5']
2025-01-17 21:37:52,650 INFO  [main] Closing Browser...
2025-01-17 21:37:52,800 INFO  [main] Starting Chrome browser in normal mode...
2025-01-17 21:37:54,814 INFO  [main] Navigating to page: http://localhost:8081/
2025-01-17 21:37:58,757 INFO  [main] Navigating to page: http://localhost:8081/
2025-01-17 21:38:00,764 INFO  [main] Getting page source...
2025-01-17 21:38:00,777 INFO  [main] Closing Browser...
2025-01-17 21:38:01,002 INFO  [main] Starting Chrome browser in normal mode...
2025-01-17 21:38:03,219 INFO  [main] Navigating to page: http://localhost:8081/
2025-01-17 21:38:07,958 INFO  [main] Navigating to page: http://localhost:8081/
2025-01-17 21:38:08,941 INFO  [main] Finding element with locator: By.xpath: //a[normalize-space()='Logout']
2025-01-17 21:38:09,073 INFO  [main] Closing Browser...
2025-01-17 21:38:09,220 INFO  [main] Starting Chrome browser in normal mode...
2025-01-17 21:38:11,113 INFO  [main] Navigating to page: http://localhost:8081/
2025-01-17 21:38:13,456 INFO  [main] Navigating to page: http://localhost:8081/
2025-01-17 21:38:15,686 INFO  [main] Finding element with locator: By.xpath: //div[3]//div[1]//form[1]//div[1]//div[1]//button[1]
2025-01-17 21:38:15,921 INFO  [main] Closing Browser...
2025-01-17 21:38:16,036 INFO  [main] Quiting driver...
2025-01-17 21:38:16,270 INFO  [main] Starting Chrome browser in normal mode...
2025-01-17 21:38:18,419 INFO  [main] Navigating to page: http://localhost:8081/
2025-01-17 21:38:21,469 INFO  [main] Navigating to page: http://localhost:8081/
2025-01-17 21:38:22,176 INFO  [main] Finding element with locator: By.xpath: //*[@id="portfolio"]/div/div[2]/div[10]/div
2025-01-17 21:38:22,884 INFO  [main] Finding element with locator: By.xpath: //section[@id='portfolio']
2025-01-17 21:38:22,931 INFO  [main] Closing Browser...
2025-01-17 21:38:23,059 INFO  [main] Starting Chrome browser in normal mode...
2025-01-17 21:38:24,944 INFO  [main] Navigating to page: http://localhost:8081/
2025-01-17 21:38:25,017 INFO  [main] Navigating to page: http://localhost:8081/
2025-01-17 21:38:27,064 INFO  [main] Finding element with locator: By.id: name
2025-01-17 21:38:27,267 INFO  [main] Finding element with locator: By.id: email
2025-01-17 21:38:27,542 INFO  [main] Finding element with locator: By.id: phone
2025-01-17 21:38:27,761 INFO  [main] Finding element with locator: By.id: message
2025-01-17 21:38:28,613 INFO  [main] Getting page source...
2025-01-17 21:38:28,645 INFO  [main] Closing Browser...
2025-01-17 21:38:28,862 INFO  [main] Starting Chrome browser in normal mode...
2025-01-17 21:38:30,737 INFO  [main] Navigating to page: http://localhost:8081/
2025-01-17 21:38:36,300 INFO  [main] Navigating to page: http://localhost:8081/
2025-01-17 21:38:37,861 INFO  [main] Finding element with locator: By.xpath: //h5[normalize-space()='Ailyak']
2025-01-17 21:38:37,947 INFO  [main] Closing Browser...
2025-01-17 21:38:38,056 INFO  [main] Quiting driver...
2025-01-17 21:38:38,204 INFO  [main] Starting Chrome browser in normal mode...
2025-01-17 21:38:40,047 INFO  [main] Navigating to page: http://localhost:8081/
2025-01-17 21:38:45,528 INFO  [main] Navigating to page: http://localhost:8081/
2025-01-17 21:38:48,842 INFO  [main] Finding element with locator: By.partialLinkText: Standard
2025-01-17 21:38:49,321 INFO  [main] Finding element with locator: By.xpath: //section[@class='py-5']
2025-01-17 21:38:49,361 INFO  [main] Closing Browser...
2025-01-17 21:38:49,492 INFO  [main] Starting Chrome browser in normal mode...
2025-01-17 21:38:51,591 INFO  [main] Navigating to page: http://localhost:8081/
2025-01-17 21:38:56,132 INFO  [main] Navigating to page: http://localhost:8081/
2025-01-17 21:38:57,360 INFO  [main] Getting page source...
2025-01-17 21:38:57,456 INFO  [main] Closing Browser...
2025-01-17 21:38:57,755 INFO  [main] Starting Chrome browser in normal mode...
2025-01-17 21:39:00,512 INFO  [main] Navigating to page: http://localhost:8081/
2025-01-17 21:39:04,464 INFO  [main] Navigating to page: http://localhost:8081/
2025-01-17 21:39:05,275 INFO  [main] Finding element with locator: By.xpath: //a[normalize-space()='Logout']
2025-01-17 21:39:05,311 INFO  [main] Closing Browser...
2025-01-17 21:39:05,448 INFO  [main] Starting Chrome browser in normal mode...
2025-01-17 21:39:07,254 INFO  [main] Navigating to page: http://localhost:8081/
2025-01-17 21:39:12,392 INFO  [main] Navigating to page: http://localhost:8081/
2025-01-17 21:39:17,000 INFO  [main] Getting page source...
2025-01-17 21:39:17,212 INFO  [main] Closing Browser...
2025-01-17 21:39:18,302 INFO  [main] Starting Chrome browser in normal mode...
2025-01-17 21:39:21,799 INFO  [main] Navigating to page: http://localhost:8081/
2025-01-17 21:39:35,956 INFO  [main] Navigating to page: http://localhost:8081/
2025-01-17 21:39:37,928 INFO  [main] Finding element with locator: By.xpath: //div[3]//div[1]//form[1]//div[1]//div[1]//button[1]
2025-01-17 21:39:38,074 INFO  [main] Closing Browser...
2025-01-17 21:39:38,205 INFO  [main] Starting Chrome browser in normal mode...
2025-01-17 21:39:40,400 INFO  [main] Navigating to page: http://localhost:8081/
2025-01-17 21:39:45,239 INFO  [main] Navigating to page: http://localhost:8081/
2025-01-17 21:39:46,948 INFO  [main] Getting page source...
2025-01-17 21:39:46,959 INFO  [main] Getting page source...
2025-01-17 21:39:46,967 INFO  [main] Closing Browser...
2025-01-17 21:39:47,157 INFO  [main] Starting Chrome browser in normal mode...
2025-01-17 21:39:49,594 INFO  [main] Navigating to page: http://localhost:8081/
2025-01-17 21:39:53,201 INFO  [main] Navigating to page: http://localhost:8081/
2025-01-17 21:39:55,104 INFO  [main] Finding element with locator: By.xpath: //h5[normalize-space()='Ailyak']
2025-01-17 21:39:55,199 INFO  [main] Closing Browser...
2025-01-17 21:39:55,346 INFO  [main] Starting Chrome browser in normal mode...
2025-01-17 21:39:57,259 INFO  [main] Navigating to page: http://localhost:8081/
2025-01-17 21:40:01,375 INFO  [main] Navigating to page: http://localhost:8081/
2025-01-17 21:40:02,677 INFO  [main] Finding element with locator: By.xpath: //*[@id="portfolio"]/div/div[2]/div[10]/div
2025-01-17 21:40:03,379 INFO  [main] Finding element with locator: By.xpath: //section[@id='portfolio']
2025-01-17 21:40:03,419 INFO  [main] Closing Browser...
2025-01-17 21:40:03,549 INFO  [main] Starting Chrome browser in normal mode...
2025-01-17 21:40:05,280 INFO  [main] Navigating to page: http://localhost:8081/
2025-01-17 21:40:10,975 INFO  [main] Navigating to page: http://localhost:8081/
2025-01-17 21:40:13,641 INFO  [main] Finding element with locator: By.partialLinkText: Standard
2025-01-17 21:40:15,264 INFO  [main] Finding element with locator: By.xpath: //section[@class='py-5']
2025-01-17 21:40:15,344 INFO  [main] Closing Browser...
2025-01-17 21:40:15,540 INFO  [main] Starting Chrome browser in normal mode...
2025-01-17 21:40:17,369 INFO  [main] Navigating to page: http://localhost:8081/
2025-01-17 21:40:18,416 INFO  [main] Navigating to page: http://localhost:8081/
2025-01-17 21:40:19,501 INFO  [main] Finding element with locator: By.id: name
2025-01-17 21:40:19,689 INFO  [main] Finding element with locator: By.id: email
2025-01-17 21:40:19,892 INFO  [main] Finding element with locator: By.id: phone
2025-01-17 21:40:20,051 INFO  [main] Finding element with locator: By.id: message
2025-01-17 21:40:20,606 INFO  [main] Getting page source...
2025-01-17 21:40:20,636 INFO  [main] Closing Browser...
2025-01-17 21:40:20,751 INFO  [main] Starting Chrome browser in normal mode...
2025-01-17 21:40:22,760 INFO  [main] Navigating to page: http://localhost:8081/
2025-01-17 21:40:23,589 INFO  [main] Navigating to page: http://localhost:8081/
2025-01-17 21:40:24,710 INFO  [main] Finding element with locator: By.xpath: //a[normalize-space()='Browse all beers']
2025-01-17 21:40:24,773 INFO  [main] Closing Browser...
2025-01-17 21:40:24,986 INFO  [main] Starting Chrome browser in normal mode...
2025-01-17 21:40:26,744 INFO  [main] Navigating to page: http://localhost:8081/
2025-01-17 21:40:27,438 INFO  [main] Navigating to page: http://localhost:8081/
2025-01-17 21:40:28,609 INFO  [main] Finding element with locator: By.xpath: //input[@value='Login']
2025-01-17 21:40:28,640 INFO  [main] Closing Browser...
2025-01-17 21:40:28,749 INFO  [main] Quiting driver...
